<?xml version="1.0" encoding="UTF-8"?>
<testsuite xmlns:xsi="http://www.w3.org/2001/XMLSchema-instance" xsi:noNamespaceSchemaLocation="https://maven.apache.org/surefire/maven-surefire-plugin/xsd/surefire-test-report-3.0.xsd" version="3.0" name="praktikum.tests.BurgerPriceParamTest" time="0.017" tests="4" errors="0" skipped="0" failures="0">
  <properties>
[...]
</properties>
  <testcase name="price_isCalculatedCorrectlyTest[0: bun=100, ingredients=[F@2f1f9515, expected=200]" classname="praktikum.tests.BurgerPriceParamTest" time="0.0"/>
  <testcase name="price_isCalculatedCorrectlyTest[1: bun=50, ingredients=[F@26a45089, expected=110]" classname="praktikum.tests.BurgerPriceParamTest" time="0.001"/>
  <testcase name="price_isCalculatedCorrectlyTest[2: bun=80, ingredients=[F@75ed7512, expected=190]" classname="praktikum.tests.BurgerPriceParamTest" time="0.004"/>
  <testcase name="price_isCalculatedCorrectlyTest[3: bun=120, ingredients=[F@5ab5924c, expected=255]" classname="praktikum.tests.BurgerPriceParamTest" time="0.007"/>
</testsuite>