<?xml version="1.0" encoding="UTF-8"?>
<testsuite xmlns:xsi="http://www.w3.org/2001/XMLSchema-instance" xsi:noNamespaceSchemaLocation="https://maven.apache.org/surefire/maven-surefire-plugin/xsd/surefire-test-report-3.0.xsd" version="3.0" name="praktikum.tests.stellarburgers.tests.AuthLoginTests" time="4.034" tests="2" errors="0" skipped="0" failures="0">
  <properties>
[...]
</properties>
  <testcase name="shouldLoginExistingUserTest" classname="praktikum.tests.stellarburgers.tests.AuthLoginTests" time="3.622"/>
  <testcase name="shouldFailLoginWithWrongCredsTest" classname="praktikum.tests.stellarburgers.tests.AuthLoginTests" time="0.408"/>
</testsuite>